[debug] [2019-12-15T19:22:02.504Z] ----------------------------------------------------------------------
[debug] [2019-12-15T19:22:02.506Z] Command:       C:\Program Files\nodejs\node.exe C:\Users\AVELL\AppData\Roaming\npm\node_modules\firebase-tools\lib\bin\firebase.js start
[debug] [2019-12-15T19:22:02.506Z] CLI Version:   7.9.0
[debug] [2019-12-15T19:22:02.506Z] Platform:      win32
[debug] [2019-12-15T19:22:02.506Z] Node Version:  v12.13.1
[debug] [2019-12-15T19:22:02.507Z] Time:          Sun Dec 15 2019 16:22:02 GMT-0300 (GMT-03:00)
[debug] [2019-12-15T19:22:02.507Z] ----------------------------------------------------------------------
[debug] [2019-12-15T19:22:02.507Z] 
[error] Error: [object Object] is not a Firebase command
[debug] [2019-12-15T19:22:02.516Z] TypeError: str.toLowerCase is not a function
    at didYouMean (C:\Users\AVELL\AppData\Roaming\npm\node_modules\firebase-tools\node_modules\didyoumean\didYouMean-1.2.1.js:147:48)
    at suggestCommands (C:\Users\AVELL\AppData\Roaming\npm\node_modules\firebase-tools\lib\index.js:28:22)
    at Command.<anonymous> (C:\Users\AVELL\AppData\Roaming\npm\node_modules\firebase-tools\lib\index.js:57:14)
    at Command.listener (C:\Users\AVELL\AppData\Roaming\npm\node_modules\firebase-tools\node_modules\commander\index.js:360:8)
    at Command.emit (events.js:210:5)
    at Command.EventEmitter.emit (domain.js:475:20)
    at Command.parseArgs (C:\Users\AVELL\AppData\Roaming\npm\node_modules\firebase-tools\node_modules\commander\index.js:801:12)
    at Command.parse (C:\Users\AVELL\AppData\Roaming\npm\node_modules\firebase-tools\node_modules\commander\index.js:563:21)
    at Object.<anonymous> (C:\Users\AVELL\AppData\Roaming\npm\node_modules\firebase-tools\lib\bin\firebase.js:98:22)
    at Module._compile (internal/modules/cjs/loader.js:959:30)
    at Object.Module._extensions..js (internal/modules/cjs/loader.js:995:10)
    at Module.load (internal/modules/cjs/loader.js:815:32)
    at Function.Module._load (internal/modules/cjs/loader.js:727:14)
    at Function.Module.runMain (internal/modules/cjs/loader.js:1047:10)
    at internal/main/run_main_module.js:17:11
[error] 
[error] Error: An unexpected error has occurred.
